<?xml version="1.0" encoding="UTF-8"?>
<testsuite xmlns:xsi="http://www.w3.org/2001/XMLSchema-instance" xsi:noNamespaceSchemaLocation="https://maven.apache.org/surefire/maven-surefire-plugin/xsd/surefire-test-report.xsd" name="com.restdropb.restdb.controllers.DropboxControllerTest" time="1.667" tests="3" errors="0" skipped="0" failures="0">
  <properties>
    <property name="java.specification.version" value="17"/>
    <property name="sun.jnu.encoding" value="UTF-8"/>
    <property name="java.class.path" value="/home/pavel/Documents/DandT/DropBoxRest/restdb/target/test-classes:/home/pavel/Documents/DandT/DropBoxRest/restdb/target/classes:/home/pavel/.m2/repository/org/springframework/boot/spring-boot-starter-data-rest/2.6.1/spring-boot-starter-data-rest-2.6.1.jar:/home/pavel/.m2/repository/org/springframework/data/spring-data-rest-webmvc/3.6.0/spring-data-rest-webmvc-3.6.0.jar:/home/pavel/.m2/repository/org/springframework/data/spring-data-rest-core/3.6.0/spring-data-rest-core-3.6.0.jar:/home/pavel/.m2/repository/org/springframework/spring-tx/5.3.13/spring-tx-5.3.13.jar:/home/pavel/.m2/repository/org/springframework/hateoas/spring-hateoas/1.4.0/spring-hateoas-1.4.0.jar:/home/pavel/.m2/repository/org/springframework/data/spring-data-commons/2.6.0/spring-data-commons-2.6.0.jar:/home/pavel/.m2/repository/org/springframework/plugin/spring-plugin-core/2.0.0.RELEASE/spring-plugin-core-2.0.0.RELEASE.jar:/home/pavel/.m2/repository/org/atteo/evo-inflector/1.3/evo-inflector-1.3.jar:/home/pavel/.m2/repository/com/fasterxml/jackson/core/jackson-databind/2.13.0/jackson-databind-2.13.0.jar:/home/pavel/.m2/repository/com/fasterxml/jackson/core/jackson-annotations/2.13.0/jackson-annotations-2.13.0.jar:/home/pavel/.m2/repository/org/slf4j/slf4j-api/1.7.32/slf4j-api-1.7.32.jar:/home/pavel/.m2/repository/org/springframework/boot/spring-boot-starter-web/2.6.1/spring-boot-starter-web-2.6.1.jar:/home/pavel/.m2/repository/org/springframework/boot/spring-boot-starter/2.6.1/spring-boot-starter-2.6.1.jar:/home/pavel/.m2/repository/org/springframework/boot/spring-boot-starter-logging/2.6.1/spring-boot-starter-logging-2.6.1.jar:/home/pavel/.m2/repository/ch/qos/logback/logback-classic/1.2.7/logback-classic-1.2.7.jar:/home/pavel/.m2/repository/ch/qos/logback/logback-core/1.2.7/logback-core-1.2.7.jar:/home/pavel/.m2/repository/org/apache/logging/log4j/log4j-to-slf4j/2.14.1/log4j-to-slf4j-2.14.1.jar:/home/pavel/.m2/repository/org/apache/logging/log4j/log4j-api/2.14.1/log4j-api-2.14.1.jar:/home/pavel/.m2/repository/org/slf4j/jul-to-slf4j/1.7.32/jul-to-slf4j-1.7.32.jar:/home/pavel/.m2/repository/jakarta/annotation/jakarta.annotation-api/1.3.5/jakarta.annotation-api-1.3.5.jar:/home/pavel/.m2/repository/org/yaml/snakeyaml/1.29/snakeyaml-1.29.jar:/home/pavel/.m2/repository/org/springframework/boot/spring-boot-starter-json/2.6.1/spring-boot-starter-json-2.6.1.jar:/home/pavel/.m2/repository/com/fasterxml/jackson/datatype/jackson-datatype-jdk8/2.13.0/jackson-datatype-jdk8-2.13.0.jar:/home/pavel/.m2/repository/com/fasterxml/jackson/datatype/jackson-datatype-jsr310/2.13.0/jackson-datatype-jsr310-2.13.0.jar:/home/pavel/.m2/repository/com/fasterxml/jackson/module/jackson-module-parameter-names/2.13.0/jackson-module-parameter-names-2.13.0.jar:/home/pavel/.m2/repository/org/springframework/boot/spring-boot-starter-tomcat/2.6.1/spring-boot-starter-tomcat-2.6.1.jar:/home/pavel/.m2/repository/org/apache/tomcat/embed/tomcat-embed-core/9.0.55/tomcat-embed-core-9.0.55.jar:/home/pavel/.m2/repository/org/apache/tomcat/embed/tomcat-embed-el/9.0.55/tomcat-embed-el-9.0.55.jar:/home/pavel/.m2/repository/org/apache/tomcat/embed/tomcat-embed-websocket/9.0.55/tomcat-embed-websocket-9.0.55.jar:/home/pavel/.m2/repository/org/springframework/spring-web/5.3.13/spring-web-5.3.13.jar:/home/pavel/.m2/repository/org/springframework/spring-beans/5.3.13/spring-beans-5.3.13.jar:/home/pavel/.m2/repository/org/springframework/spring-webmvc/5.3.13/spring-webmvc-5.3.13.jar:/home/pavel/.m2/repository/org/springframework/spring-aop/5.3.13/spring-aop-5.3.13.jar:/home/pavel/.m2/repository/org/springframework/spring-context/5.3.13/spring-context-5.3.13.jar:/home/pavel/.m2/repository/org/springframework/spring-expression/5.3.13/spring-expression-5.3.13.jar:/home/pavel/.m2/repository/org/springframework/boot/spring-boot-configuration-processor/2.6.1/spring-boot-configuration-processor-2.6.1.jar:/home/pavel/.m2/repository/org/springframework/boot/spring-boot-starter-test/2.6.1/spring-boot-starter-test-2.6.1.jar:/home/pavel/.m2/repository/org/springframework/boot/spring-boot-test/2.6.1/spring-boot-test-2.6.1.jar:/home/pavel/.m2/repository/org/springframework/boot/spring-boot-test-autoconfigure/2.6.1/spring-boot-test-autoconfigure-2.6.1.jar:/home/pavel/.m2/repository/com/jayway/jsonpath/json-path/2.6.0/json-path-2.6.0.jar:/home/pavel/.m2/repository/net/minidev/json-smart/2.4.7/json-smart-2.4.7.jar:/home/pavel/.m2/repository/net/minidev/accessors-smart/2.4.7/accessors-smart-2.4.7.jar:/home/pavel/.m2/repository/org/ow2/asm/asm/9.1/asm-9.1.jar:/home/pavel/.m2/repository/jakarta/xml/bind/jakarta.xml.bind-api/2.3.3/jakarta.xml.bind-api-2.3.3.jar:/home/pavel/.m2/repository/jakarta/activation/jakarta.activation-api/1.2.2/jakarta.activation-api-1.2.2.jar:/home/pavel/.m2/repository/org/assertj/assertj-core/3.21.0/assertj-core-3.21.0.jar:/home/pavel/.m2/repository/org/hamcrest/hamcrest/2.2/hamcrest-2.2.jar:/home/pavel/.m2/repository/org/junit/jupiter/junit-jupiter/5.8.1/junit-jupiter-5.8.1.jar:/home/pavel/.m2/repository/org/junit/jupiter/junit-jupiter-api/5.8.1/junit-jupiter-api-5.8.1.jar:/home/pavel/.m2/repository/org/opentest4j/opentest4j/1.2.0/opentest4j-1.2.0.jar:/home/pavel/.m2/repository/org/junit/platform/junit-platform-commons/1.8.1/junit-platform-commons-1.8.1.jar:/home/pavel/.m2/repository/org/junit/jupiter/junit-jupiter-params/5.8.1/junit-jupiter-params-5.8.1.jar:/home/pavel/.m2/repository/org/junit/jupiter/junit-jupiter-engine/5.8.1/junit-jupiter-engine-5.8.1.jar:/home/pavel/.m2/repository/org/junit/platform/junit-platform-engine/1.8.1/junit-platform-engine-1.8.1.jar:/home/pavel/.m2/repository/org/mockito/mockito-core/4.0.0/mockito-core-4.0.0.jar:/home/pavel/.m2/repository/net/bytebuddy/byte-buddy/1.11.22/byte-buddy-1.11.22.jar:/home/pavel/.m2/repository/net/bytebuddy/byte-buddy-agent/1.11.22/byte-buddy-agent-1.11.22.jar:/home/pavel/.m2/repository/org/objenesis/objenesis/3.2/objenesis-3.2.jar:/home/pavel/.m2/repository/org/mockito/mockito-junit-jupiter/4.0.0/mockito-junit-jupiter-4.0.0.jar:/home/pavel/.m2/repository/org/skyscreamer/jsonassert/1.5.0/jsonassert-1.5.0.jar:/home/pavel/.m2/repository/com/vaadin/external/google/android-json/0.0.20131108.vaadin1/android-json-0.0.20131108.vaadin1.jar:/home/pavel/.m2/repository/org/springframework/spring-core/5.3.13/spring-core-5.3.13.jar:/home/pavel/.m2/repository/org/springframework/spring-jcl/5.3.13/spring-jcl-5.3.13.jar:/home/pavel/.m2/repository/org/springframework/spring-test/5.3.13/spring-test-5.3.13.jar:/home/pavel/.m2/repository/org/xmlunit/xmlunit-core/2.8.3/xmlunit-core-2.8.3.jar:/home/pavel/.m2/repository/junit/junit/4.11/junit-4.11.jar:/home/pavel/.m2/repository/org/hamcrest/hamcrest-core/2.2/hamcrest-core-2.2.jar:/home/pavel/.m2/repository/com/dropbox/core/dropbox-core-sdk/5.1.0/dropbox-core-sdk-5.1.0.jar:/home/pavel/.m2/repository/com/fasterxml/jackson/core/jackson-core/2.13.0/jackson-core-2.13.0.jar:/home/pavel/.m2/repository/javax/servlet/servlet-api/2.5/servlet-api-2.5.jar:/home/pavel/.m2/repository/com/squareup/okhttp/okhttp/2.7.5/okhttp-2.7.5.jar:/home/pavel/.m2/repository/com/squareup/okio/okio/1.6.0/okio-1.6.0.jar:/home/pavel/.m2/repository/com/squareup/okhttp3/okhttp/3.14.9/okhttp-3.14.9.jar:/home/pavel/.m2/repository/com/google/android/android/4.1.1.4/android-4.1.1.4.jar:/home/pavel/.m2/repository/commons-logging/commons-logging/1.1.1/commons-logging-1.1.1.jar:/home/pavel/.m2/repository/org/apache/httpcomponents/httpclient/4.5.13/httpclient-4.5.13.jar:/home/pavel/.m2/repository/org/apache/httpcomponents/httpcore/4.4.14/httpcore-4.4.14.jar:/home/pavel/.m2/repository/commons-codec/commons-codec/1.15/commons-codec-1.15.jar:/home/pavel/.m2/repository/org/khronos/opengl-api/gl1.1-android-2.1_r1/opengl-api-gl1.1-android-2.1_r1.jar:/home/pavel/.m2/repository/xerces/xmlParserAPIs/2.6.2/xmlParserAPIs-2.6.2.jar:/home/pavel/.m2/repository/xpp3/xpp3/1.1.4c/xpp3-1.1.4c.jar:/home/pavel/.m2/repository/org/json/json/20080701/json-20080701.jar:/home/pavel/.m2/repository/com/google/appengine/appengine-api-1.0-sdk/1.9.92/appengine-api-1.0-sdk-1.9.92.jar:/home/pavel/.m2/repository/javax/inject/javax.inject/1/javax.inject-1.jar:/home/pavel/.m2/repository/io/cucumber/cucumber-core/7.1.0/cucumber-core-7.1.0.jar:/home/pavel/.m2/repository/io/cucumber/cucumber-gherkin/7.1.0/cucumber-gherkin-7.1.0.jar:/home/pavel/.m2/repository/io/cucumber/cucumber-gherkin-messages/7.1.0/cucumber-gherkin-messages-7.1.0.jar:/home/pavel/.m2/repository/io/cucumber/messages/17.1.1/messages-17.1.1.jar:/home/pavel/.m2/repository/io/cucumber/tag-expressions/4.1.0/tag-expressions-4.1.0.jar:/home/pavel/.m2/repository/io/cucumber/cucumber-expressions/13.0.1/cucumber-expressions-13.0.1.jar:/home/pavel/.m2/repository/io/cucumber/datatable/7.1.0/datatable-7.1.0.jar:/home/pavel/.m2/repository/io/cucumber/cucumber-plugin/7.1.0/cucumber-plugin-7.1.0.jar:/home/pavel/.m2/repository/io/cucumber/docstring/7.1.0/docstring-7.1.0.jar:/home/pavel/.m2/repository/io/cucumber/html-formatter/17.0.0/html-formatter-17.0.0.jar:/home/pavel/.m2/repository/io/cucumber/create-meta/6.0.4/create-meta-6.0.4.jar:/home/pavel/.m2/repository/org/apiguardian/apiguardian-api/1.1.2/apiguardian-api-1.1.2.jar:/home/pavel/.m2/repository/io/cucumber/cucumber-junit/7.1.0/cucumber-junit-7.1.0.jar:/home/pavel/.m2/repository/org/springframework/boot/spring-boot-devtools/2.6.1/spring-boot-devtools-2.6.1.jar:/home/pavel/.m2/repository/org/springframework/boot/spring-boot/2.6.1/spring-boot-2.6.1.jar:/home/pavel/.m2/repository/org/springframework/boot/spring-boot-autoconfigure/2.6.1/spring-boot-autoconfigure-2.6.1.jar:/home/pavel/.m2/repository/org/projectlombok/lombok/1.18.22/lombok-1.18.22.jar:/home/pavel/.m2/repository/javax/servlet/jstl/1.2/jstl-1.2.jar:"/>
    <property name="java.vm.vendor" value="Oracle Corporation"/>
    <property name="sun.arch.data.model" value="64"/>
    <property name="java.vendor.url" value="https://openjdk.java.net/"/>
    <property name="os.name" value="Linux"/>
    <property name="java.vm.specification.version" value="17"/>
    <property name="sun.java.launcher" value="SUN_STANDARD"/>
    <property name="user.country" value="GB"/>
    <property name="sun.boot.library.path" value="/usr/lib/jvm/java-17-openjdk/lib"/>
    <property name="sun.java.command" value="/home/pavel/Documents/DandT/DropBoxRest/restdb/target/surefire/surefirebooter12642595115869740986.jar /home/pavel/Documents/DandT/DropBoxRest/restdb/target/surefire 2021-12-20T17-04-51_308-jvmRun1 surefire8669437310859176778tmp surefire_0570071299206593786tmp"/>
    <property name="jdk.debug" value="release"/>
    <property name="surefire.test.class.path" value="/home/pavel/Documents/DandT/DropBoxRest/restdb/target/test-classes:/home/pavel/Documents/DandT/DropBoxRest/restdb/target/classes:/home/pavel/.m2/repository/org/springframework/boot/spring-boot-starter-data-rest/2.6.1/spring-boot-starter-data-rest-2.6.1.jar:/home/pavel/.m2/repository/org/springframework/data/spring-data-rest-webmvc/3.6.0/spring-data-rest-webmvc-3.6.0.jar:/home/pavel/.m2/repository/org/springframework/data/spring-data-rest-core/3.6.0/spring-data-rest-core-3.6.0.jar:/home/pavel/.m2/repository/org/springframework/spring-tx/5.3.13/spring-tx-5.3.13.jar:/home/pavel/.m2/repository/org/springframework/hateoas/spring-hateoas/1.4.0/spring-hateoas-1.4.0.jar:/home/pavel/.m2/repository/org/springframework/data/spring-data-commons/2.6.0/spring-data-commons-2.6.0.jar:/home/pavel/.m2/repository/org/springframework/plugin/spring-plugin-core/2.0.0.RELEASE/spring-plugin-core-2.0.0.RELEASE.jar:/home/pavel/.m2/repository/org/atteo/evo-inflector/1.3/evo-inflector-1.3.jar:/home/pavel/.m2/repository/com/fasterxml/jackson/core/jackson-databind/2.13.0/jackson-databind-2.13.0.jar:/home/pavel/.m2/repository/com/fasterxml/jackson/core/jackson-annotations/2.13.0/jackson-annotations-2.13.0.jar:/home/pavel/.m2/repository/org/slf4j/slf4j-api/1.7.32/slf4j-api-1.7.32.jar:/home/pavel/.m2/repository/org/springframework/boot/spring-boot-starter-web/2.6.1/spring-boot-starter-web-2.6.1.jar:/home/pavel/.m2/repository/org/springframework/boot/spring-boot-starter/2.6.1/spring-boot-starter-2.6.1.jar:/home/pavel/.m2/repository/org/springframework/boot/spring-boot-starter-logging/2.6.1/spring-boot-starter-logging-2.6.1.jar:/home/pavel/.m2/repository/ch/qos/logback/logback-classic/1.2.7/logback-classic-1.2.7.jar:/home/pavel/.m2/repository/ch/qos/logback/logback-core/1.2.7/logback-core-1.2.7.jar:/home/pavel/.m2/repository/org/apache/logging/log4j/log4j-to-slf4j/2.14.1/log4j-to-slf4j-2.14.1.jar:/home/pavel/.m2/repository/org/apache/logging/log4j/log4j-api/2.14.1/log4j-api-2.14.1.jar:/home/pavel/.m2/repository/org/slf4j/jul-to-slf4j/1.7.32/jul-to-slf4j-1.7.32.jar:/home/pavel/.m2/repository/jakarta/annotation/jakarta.annotation-api/1.3.5/jakarta.annotation-api-1.3.5.jar:/home/pavel/.m2/repository/org/yaml/snakeyaml/1.29/snakeyaml-1.29.jar:/home/pavel/.m2/repository/org/springframework/boot/spring-boot-starter-json/2.6.1/spring-boot-starter-json-2.6.1.jar:/home/pavel/.m2/repository/com/fasterxml/jackson/datatype/jackson-datatype-jdk8/2.13.0/jackson-datatype-jdk8-2.13.0.jar:/home/pavel/.m2/repository/com/fasterxml/jackson/datatype/jackson-datatype-jsr310/2.13.0/jackson-datatype-jsr310-2.13.0.jar:/home/pavel/.m2/repository/com/fasterxml/jackson/module/jackson-module-parameter-names/2.13.0/jackson-module-parameter-names-2.13.0.jar:/home/pavel/.m2/repository/org/springframework/boot/spring-boot-starter-tomcat/2.6.1/spring-boot-starter-tomcat-2.6.1.jar:/home/pavel/.m2/repository/org/apache/tomcat/embed/tomcat-embed-core/9.0.55/tomcat-embed-core-9.0.55.jar:/home/pavel/.m2/repository/org/apache/tomcat/embed/tomcat-embed-el/9.0.55/tomcat-embed-el-9.0.55.jar:/home/pavel/.m2/repository/org/apache/tomcat/embed/tomcat-embed-websocket/9.0.55/tomcat-embed-websocket-9.0.55.jar:/home/pavel/.m2/repository/org/springframework/spring-web/5.3.13/spring-web-5.3.13.jar:/home/pavel/.m2/repository/org/springframework/spring-beans/5.3.13/spring-beans-5.3.13.jar:/home/pavel/.m2/repository/org/springframework/spring-webmvc/5.3.13/spring-webmvc-5.3.13.jar:/home/pavel/.m2/repository/org/springframework/spring-aop/5.3.13/spring-aop-5.3.13.jar:/home/pavel/.m2/repository/org/springframework/spring-context/5.3.13/spring-context-5.3.13.jar:/home/pavel/.m2/repository/org/springframework/spring-expression/5.3.13/spring-expression-5.3.13.jar:/home/pavel/.m2/repository/org/springframework/boot/spring-boot-configuration-processor/2.6.1/spring-boot-configuration-processor-2.6.1.jar:/home/pavel/.m2/repository/org/springframework/boot/spring-boot-starter-test/2.6.1/spring-boot-starter-test-2.6.1.jar:/home/pavel/.m2/repository/org/springframework/boot/spring-boot-test/2.6.1/spring-boot-test-2.6.1.jar:/home/pavel/.m2/repository/org/springframework/boot/spring-boot-test-autoconfigure/2.6.1/spring-boot-test-autoconfigure-2.6.1.jar:/home/pavel/.m2/repository/com/jayway/jsonpath/json-path/2.6.0/json-path-2.6.0.jar:/home/pavel/.m2/repository/net/minidev/json-smart/2.4.7/json-smart-2.4.7.jar:/home/pavel/.m2/repository/net/minidev/accessors-smart/2.4.7/accessors-smart-2.4.7.jar:/home/pavel/.m2/repository/org/ow2/asm/asm/9.1/asm-9.1.jar:/home/pavel/.m2/repository/jakarta/xml/bind/jakarta.xml.bind-api/2.3.3/jakarta.xml.bind-api-2.3.3.jar:/home/pavel/.m2/repository/jakarta/activation/jakarta.activation-api/1.2.2/jakarta.activation-api-1.2.2.jar:/home/pavel/.m2/repository/org/assertj/assertj-core/3.21.0/assertj-core-3.21.0.jar:/home/pavel/.m2/repository/org/hamcrest/hamcrest/2.2/hamcrest-2.2.jar:/home/pavel/.m2/repository/org/junit/jupiter/junit-jupiter/5.8.1/junit-jupiter-5.8.1.jar:/home/pavel/.m2/repository/org/junit/jupiter/junit-jupiter-api/5.8.1/junit-jupiter-api-5.8.1.jar:/home/pavel/.m2/repository/org/opentest4j/opentest4j/1.2.0/opentest4j-1.2.0.jar:/home/pavel/.m2/repository/org/junit/platform/junit-platform-commons/1.8.1/junit-platform-commons-1.8.1.jar:/home/pavel/.m2/repository/org/junit/jupiter/junit-jupiter-params/5.8.1/junit-jupiter-params-5.8.1.jar:/home/pavel/.m2/repository/org/junit/jupiter/junit-jupiter-engine/5.8.1/junit-jupiter-engine-5.8.1.jar:/home/pavel/.m2/repository/org/junit/platform/junit-platform-engine/1.8.1/junit-platform-engine-1.8.1.jar:/home/pavel/.m2/repository/org/mockito/mockito-core/4.0.0/mockito-core-4.0.0.jar:/home/pavel/.m2/repository/net/bytebuddy/byte-buddy/1.11.22/byte-buddy-1.11.22.jar:/home/pavel/.m2/repository/net/bytebuddy/byte-buddy-agent/1.11.22/byte-buddy-agent-1.11.22.jar:/home/pavel/.m2/repository/org/objenesis/objenesis/3.2/objenesis-3.2.jar:/home/pavel/.m2/repository/org/mockito/mockito-junit-jupiter/4.0.0/mockito-junit-jupiter-4.0.0.jar:/home/pavel/.m2/repository/org/skyscreamer/jsonassert/1.5.0/jsonassert-1.5.0.jar:/home/pavel/.m2/repository/com/vaadin/external/google/android-json/0.0.20131108.vaadin1/android-json-0.0.20131108.vaadin1.jar:/home/pavel/.m2/repository/org/springframework/spring-core/5.3.13/spring-core-5.3.13.jar:/home/pavel/.m2/repository/org/springframework/spring-jcl/5.3.13/spring-jcl-5.3.13.jar:/home/pavel/.m2/repository/org/springframework/spring-test/5.3.13/spring-test-5.3.13.jar:/home/pavel/.m2/repository/org/xmlunit/xmlunit-core/2.8.3/xmlunit-core-2.8.3.jar:/home/pavel/.m2/repository/junit/junit/4.11/junit-4.11.jar:/home/pavel/.m2/repository/org/hamcrest/hamcrest-core/2.2/hamcrest-core-2.2.jar:/home/pavel/.m2/repository/com/dropbox/core/dropbox-core-sdk/5.1.0/dropbox-core-sdk-5.1.0.jar:/home/pavel/.m2/repository/com/fasterxml/jackson/core/jackson-core/2.13.0/jackson-core-2.13.0.jar:/home/pavel/.m2/repository/javax/servlet/servlet-api/2.5/servlet-api-2.5.jar:/home/pavel/.m2/repository/com/squareup/okhttp/okhttp/2.7.5/okhttp-2.7.5.jar:/home/pavel/.m2/repository/com/squareup/okio/okio/1.6.0/okio-1.6.0.jar:/home/pavel/.m2/repository/com/squareup/okhttp3/okhttp/3.14.9/okhttp-3.14.9.jar:/home/pavel/.m2/repository/com/google/android/android/4.1.1.4/android-4.1.1.4.jar:/home/pavel/.m2/repository/commons-logging/commons-logging/1.1.1/commons-logging-1.1.1.jar:/home/pavel/.m2/repository/org/apache/httpcomponents/httpclient/4.5.13/httpclient-4.5.13.jar:/home/pavel/.m2/repository/org/apache/httpcomponents/httpcore/4.4.14/httpcore-4.4.14.jar:/home/pavel/.m2/repository/commons-codec/commons-codec/1.15/commons-codec-1.15.jar:/home/pavel/.m2/repository/org/khronos/opengl-api/gl1.1-android-2.1_r1/opengl-api-gl1.1-android-2.1_r1.jar:/home/pavel/.m2/repository/xerces/xmlParserAPIs/2.6.2/xmlParserAPIs-2.6.2.jar:/home/pavel/.m2/repository/xpp3/xpp3/1.1.4c/xpp3-1.1.4c.jar:/home/pavel/.m2/repository/org/json/json/20080701/json-20080701.jar:/home/pavel/.m2/repository/com/google/appengine/appengine-api-1.0-sdk/1.9.92/appengine-api-1.0-sdk-1.9.92.jar:/home/pavel/.m2/repository/javax/inject/javax.inject/1/javax.inject-1.jar:/home/pavel/.m2/repository/io/cucumber/cucumber-core/7.1.0/cucumber-core-7.1.0.jar:/home/pavel/.m2/repository/io/cucumber/cucumber-gherkin/7.1.0/cucumber-gherkin-7.1.0.jar:/home/pavel/.m2/repository/io/cucumber/cucumber-gherkin-messages/7.1.0/cucumber-gherkin-messages-7.1.0.jar:/home/pavel/.m2/repository/io/cucumber/messages/17.1.1/messages-17.1.1.jar:/home/pavel/.m2/repository/io/cucumber/tag-expressions/4.1.0/tag-expressions-4.1.0.jar:/home/pavel/.m2/repository/io/cucumber/cucumber-expressions/13.0.1/cucumber-expressions-13.0.1.jar:/home/pavel/.m2/repository/io/cucumber/datatable/7.1.0/datatable-7.1.0.jar:/home/pavel/.m2/repository/io/cucumber/cucumber-plugin/7.1.0/cucumber-plugin-7.1.0.jar:/home/pavel/.m2/repository/io/cucumber/docstring/7.1.0/docstring-7.1.0.jar:/home/pavel/.m2/repository/io/cucumber/html-formatter/17.0.0/html-formatter-17.0.0.jar:/home/pavel/.m2/repository/io/cucumber/create-meta/6.0.4/create-meta-6.0.4.jar:/home/pavel/.m2/repository/org/apiguardian/apiguardian-api/1.1.2/apiguardian-api-1.1.2.jar:/home/pavel/.m2/repository/io/cucumber/cucumber-junit/7.1.0/cucumber-junit-7.1.0.jar:/home/pavel/.m2/repository/org/springframework/boot/spring-boot-devtools/2.6.1/spring-boot-devtools-2.6.1.jar:/home/pavel/.m2/repository/org/springframework/boot/spring-boot/2.6.1/spring-boot-2.6.1.jar:/home/pavel/.m2/repository/org/springframework/boot/spring-boot-autoconfigure/2.6.1/spring-boot-autoconfigure-2.6.1.jar:/home/pavel/.m2/repository/org/projectlombok/lombok/1.18.22/lombok-1.18.22.jar:/home/pavel/.m2/repository/javax/servlet/jstl/1.2/jstl-1.2.jar:"/>
    <property name="sun.cpu.endian" value="little"/>
    <property name="user.home" value="/home/pavel"/>
    <property name="user.language" value="en"/>
    <property name="java.specification.vendor" value="Oracle Corporation"/>
    <property name="java.version.date" value="2021-10-19"/>
    <property name="java.home" value="/usr/lib/jvm/java-17-openjdk"/>
    <property name="file.separator" value="/"/>
    <property name="basedir" value="/home/pavel/Documents/DandT/DropBoxRest/restdb"/>
    <property name="java.vm.compressedOopsMode" value="32-bit"/>
    <property name="line.separator" value="&#10;"/>
    <property name="java.vm.specification.vendor" value="Oracle Corporation"/>
    <property name="java.specification.name" value="Java Platform API Specification"/>
    <property name="surefire.real.class.path" value="/home/pavel/Documents/DandT/DropBoxRest/restdb/target/surefire/surefirebooter12642595115869740986.jar"/>
    <property name="sun.management.compiler" value="HotSpot 64-Bit Tiered Compilers"/>
    <property name="java.runtime.version" value="17.0.1+12"/>
    <property name="user.name" value="pavel"/>
    <property name="path.separator" value=":"/>
    <property name="os.version" value="5.13.19-2-MANJARO"/>
    <property name="java.runtime.name" value="OpenJDK Runtime Environment"/>
    <property name="file.encoding" value="UTF-8"/>
    <property name="java.vm.name" value="OpenJDK 64-Bit Server VM"/>
    <property name="localRepository" value="/home/pavel/.m2/repository"/>
    <property name="java.vendor.url.bug" value="https://bugreport.java.com/bugreport/"/>
    <property name="java.io.tmpdir" value="/tmp"/>
    <property name="idea.version" value="2021.3"/>
    <property name="java.version" value="17.0.1"/>
    <property name="user.dir" value="/home/pavel/Documents/DandT/DropBoxRest/restdb"/>
    <property name="os.arch" value="amd64"/>
    <property name="java.vm.specification.name" value="Java Virtual Machine Specification"/>
    <property name="native.encoding" value="UTF-8"/>
    <property name="java.library.path" value="/usr/java/packages/lib:/usr/lib64:/lib64:/lib:/usr/lib"/>
    <property name="java.vm.info" value="mixed mode"/>
    <property name="java.vendor" value="N/A"/>
    <property name="java.vm.version" value="17.0.1+12"/>
    <property name="sun.io.unicode.encoding" value="UnicodeLittle"/>
    <property name="java.class.version" value="61.0"/>
  </properties>
  <testcase name="testGetListFiles" classname="com.restdropb.restdb.controllers.DropboxControllerTest" time="1.039"/>
  <testcase name="testCheckFile" classname="com.restdropb.restdb.controllers.DropboxControllerTest" time="0.294"/>
  <testcase name="testDelFile" classname="com.restdropb.restdb.controllers.DropboxControllerTest" time="0.314"/>
</testsuite>